2013-09-18 11:37:35,457 ERROR [main] - org.scala-ide.sdt.core - org.scala-ide.sdt.core - org.scala-ide.sdt.core - 0 - scala.reflect.internal.MissingRequirementError: object scala.runtime in compiler mirror not found.
2013-09-19 22:38:08,365 ERROR [main] - org.scala-ide.sdt.core - org.scala-ide.sdt.core - org.scala-ide.sdt.core - 0 - scala.reflect.internal.MissingRequirementError: object scala.runtime in compiler mirror not found.
2013-09-20 13:02:08,051 ERROR [main] - org.scala-ide.sdt.core - org.scala-ide.sdt.core - org.scala-ide.sdt.core - 0 - Error during askOption
java.lang.InterruptedException
	at java.lang.Object.wait(Native Method)
	at scala.tools.nsc.interactive.Response.get(Response.scala:74)
	at scala.tools.eclipse.ScalaPresentationCompiler.askOption(ScalaPresentationCompiler.scala:146)
	at scala.tools.eclipse.ScalaPresentationCompiler.askOption(ScalaPresentationCompiler.scala:137)
	at scala.tools.eclipse.ScalaHover$$anonfun$getHoverInfo$1.scala$tools$eclipse$ScalaHover$$anonfun$$hoverInfo$1(ScalaHover.scala:24)
	at scala.tools.eclipse.ScalaHover$$anonfun$getHoverInfo$1$$anonfun$apply$3.apply(ScalaHover.scala:41)
	at scala.tools.eclipse.ScalaHover$$anonfun$getHoverInfo$1$$anonfun$apply$3.apply(ScalaHover.scala:40)
	at scala.Option.flatMap(Option.scala:170)
	at scala.tools.eclipse.ScalaHover$$anonfun$getHoverInfo$1.apply(ScalaHover.scala:40)
	at scala.tools.eclipse.ScalaHover$$anonfun$getHoverInfo$1.apply(ScalaHover.scala:21)
	at scala.tools.eclipse.ScalaPresentationCompiler.withSourceFile(ScalaPresentationCompiler.scala:108)
	at scala.tools.eclipse.ScalaProject$$anonfun$withSourceFile$1.apply(ScalaProject.scala:597)
	at scala.tools.eclipse.ScalaProject$$anonfun$withSourceFile$1.apply(ScalaProject.scala:596)
	at scala.tools.eclipse.ScalaProject$$anonfun$withPresentationCompiler$1.apply(ScalaProject.scala:590)
	at scala.tools.eclipse.ScalaProject$$anonfun$withPresentationCompiler$1.apply(ScalaProject.scala:589)
	at scala.tools.eclipse.util.Cached$class.apply(Cached.scala:41)
	at scala.tools.eclipse.ScalaProject$$anon$1.apply(ScalaProject.scala:95)
	at scala.tools.eclipse.ScalaProject.withPresentationCompiler(ScalaProject.scala:589)
	at scala.tools.eclipse.ScalaProject.withSourceFile(ScalaProject.scala:598)
	at scala.tools.eclipse.InteractiveCompilationUnit$class.withSourceFile(InteractiveCompilationUnit.scala:66)
	at scala.tools.eclipse.javaelements.ScalaSourceFile.withSourceFile(ScalaSourceFile.scala:50)
	at scala.tools.eclipse.ScalaHover.getHoverInfo(ScalaHover.scala:43)
	at org.eclipse.jface.text.TextViewerHoverManager$4.run(TextViewerHoverManager.java:168)
2013-09-20 14:14:41,049 ERROR [ForkJoinPool-1-worker-11] - System.err - IncrementalDocumentMixer <actor>: caught java.lang.OutOfMemoryError: Java heap space
2013-09-20 14:14:41,050 ERROR [ForkJoinPool-1-worker-11] - System.err - java.lang.OutOfMemoryError: Java heap space
2013-09-20 14:14:41,050 ERROR [ForkJoinPool-1-worker-11] - System.err - at java.util.Arrays.copyOf(Arrays.java:2367)
2013-09-20 14:14:41,050 ERROR [ForkJoinPool-1-worker-11] - System.err - at java.lang.AbstractStringBuilder.expandCapacity(AbstractStringBuilder.java:130)
2013-09-20 14:14:41,050 ERROR [ForkJoinPool-1-worker-11] - System.err - at java.lang.AbstractStringBuilder.ensureCapacityInternal(AbstractStringBuilder.java:114)
2013-09-20 14:14:41,050 ERROR [ForkJoinPool-1-worker-11] - System.err - at java.lang.AbstractStringBuilder.append(AbstractStringBuilder.java:415)
2013-09-20 14:14:41,050 ERROR [ForkJoinPool-1-worker-11] - System.err - at java.lang.StringBuilder.append(StringBuilder.java:132)
2013-09-20 14:14:41,050 ERROR [ForkJoinPool-1-worker-11] - System.err - at scala.collection.mutable.StringBuilder.append(StringBuilder.scala:197)
2013-09-20 14:14:41,050 ERROR [ForkJoinPool-1-worker-11] - System.err - at scala.collection.TraversableOnce$$anonfun$addString$1.apply(TraversableOnce.scala:327)
2013-09-20 14:14:41,050 ERROR [ForkJoinPool-1-worker-11] - System.err - at scala.collection.immutable.List.foreach(List.scala:318)
2013-09-20 14:14:41,050 ERROR [ForkJoinPool-1-worker-11] - System.err - at scala.collection.TraversableOnce$class.addString(TraversableOnce.scala:320)
2013-09-20 14:14:41,050 ERROR [ForkJoinPool-1-worker-11] - System.err - at scala.collection.AbstractTraversable.addString(Traversable.scala:105)
2013-09-20 14:14:41,051 ERROR [ForkJoinPool-1-worker-11] - System.err - at scala.collection.TraversableOnce$class.mkString(TraversableOnce.scala:286)
2013-09-20 14:14:41,051 ERROR [ForkJoinPool-1-worker-11] - System.err - at scala.collection.AbstractTraversable.mkString(Traversable.scala:105)
2013-09-20 14:14:41,051 ERROR [ForkJoinPool-1-worker-11] - System.err - at scala.collection.TraversableOnce$class.mkString(TraversableOnce.scala:288)
2013-09-20 14:14:41,051 ERROR [ForkJoinPool-1-worker-11] - System.err - at scala.collection.AbstractTraversable.mkString(Traversable.scala:105)
2013-09-20 14:14:41,051 ERROR [ForkJoinPool-1-worker-11] - System.err - at scala.collection.generic.TraversableForwarder$class.mkString(TraversableForwarder.scala:71)
2013-09-20 14:14:41,051 ERROR [ForkJoinPool-1-worker-11] - System.err - at scala.collection.mutable.ListBuffer.mkString(ListBuffer.scala:45)
2013-09-20 14:14:41,051 ERROR [ForkJoinPool-1-worker-11] - System.err - at org.scalaide.worksheet.runtime.IncrementalDocumentMixer$$anonfun$2.apply(IncrementalDocumentMixer.scala:101)
2013-09-20 14:14:41,051 ERROR [ForkJoinPool-1-worker-11] - System.err - at org.scalaide.worksheet.runtime.IncrementalDocumentMixer$$anonfun$2.apply(IncrementalDocumentMixer.scala:100)
2013-09-20 14:14:41,051 ERROR [ForkJoinPool-1-worker-11] - System.err - at scala.collection.TraversableLike$WithFilter$$anonfun$map$2.apply(TraversableLike.scala:722)
2013-09-20 14:14:41,051 ERROR [ForkJoinPool-1-worker-11] - System.err - at scala.collection.mutable.LinkedHashMap.foreach(LinkedHashMap.scala:135)
2013-09-20 14:14:41,051 ERROR [ForkJoinPool-1-worker-11] - System.err - at scala.collection.TraversableLike$WithFilter.map(TraversableLike.scala:721)
2013-09-20 14:14:41,051 ERROR [ForkJoinPool-1-worker-11] - System.err - at org.scalaide.worksheet.runtime.IncrementalDocumentMixer.pruneOutputPerEvaluation(IncrementalDocumentMixer.scala:100)
2013-09-20 14:14:41,051 ERROR [ForkJoinPool-1-worker-11] - System.err - at org.scalaide.worksheet.runtime.IncrementalDocumentMixer.org$scalaide$worksheet$runtime$IncrementalDocumentMixer$$updateDocument(IncrementalDocumentMixer.scala:50)
2013-09-20 14:14:41,051 ERROR [ForkJoinPool-1-worker-11] - System.err - at org.scalaide.worksheet.runtime.IncrementalDocumentMixer$$anonfun$act$1$$anonfun$apply$1.applyOrElse(IncrementalDocumentMixer.scala:39)
2013-09-20 14:14:41,051 ERROR [ForkJoinPool-1-worker-11] - System.err - at scala.runtime.AbstractPartialFunction$mcVL$sp.apply$mcVL$sp(AbstractPartialFunction.scala:33)
2013-09-20 14:14:41,051 ERROR [ForkJoinPool-1-worker-11] - System.err - at scala.runtime.AbstractPartialFunction$mcVL$sp.apply(AbstractPartialFunction.scala:33)
2013-09-20 14:14:41,051 ERROR [ForkJoinPool-1-worker-11] - System.err - at scala.runtime.AbstractPartialFunction$mcVL$sp.apply(AbstractPartialFunction.scala:25)
2013-09-20 14:14:41,052 ERROR [ForkJoinPool-1-worker-11] - System.err - at scala.actors.ReactorTask.run(ReactorTask.scala:31)
2013-09-20 14:14:41,052 ERROR [ForkJoinPool-1-worker-11] - System.err - at scala.actors.Reactor$class.resumeReceiver(Reactor.scala:129)
2013-09-20 14:14:41,052 ERROR [ForkJoinPool-1-worker-11] - System.err - at org.scalaide.worksheet.runtime.IncrementalDocumentMixer.scala$actors$InternalReplyReactor$$super$resumeReceiver(IncrementalDocumentMixer.scala:27)
2013-09-20 14:14:41,052 ERROR [ForkJoinPool-1-worker-11] - System.err - at scala.actors.InternalReplyReactor$class.resumeReceiver(InternalReplyReactor.scala:59)
2013-09-20 14:14:41,052 ERROR [ForkJoinPool-1-worker-11] - System.err - at org.scalaide.worksheet.runtime.IncrementalDocumentMixer.resumeReceiver(IncrementalDocumentMixer.scala:27)
2013-09-20 14:30:49,585 ERROR [main] - org.scala-ide.sdt.core - org.scala-ide.sdt.core - org.scala-ide.sdt.core - 0 - Error during instrumentation of ScriptCompilationUnit(L/progfun-recfun/src/main/scala/recfun/scratch.sc)
org.scalaide.worksheet.runtime.ProgramInstrumentationFailed: Error during askInstrumented of unit scratch.sc
	at org.scalaide.worksheet.runtime.SourceInstrumenter.instrumentProgram(SourceInstrumenter.scala:37)
	at org.scalaide.worksheet.runtime.SourceInstrumenter.instrument(SourceInstrumenter.scala:20)
	at org.scalaide.worksheet.runtime.WorksheetRunner$$anonfun$act$1$$anonfun$apply$1.applyOrElse(WorksheetRunner.scala:59)
	at scala.runtime.AbstractPartialFunction$mcVL$sp.apply$mcVL$sp(AbstractPartialFunction.scala:33)
	at scala.runtime.AbstractPartialFunction$mcVL$sp.apply(AbstractPartialFunction.scala:33)
	at scala.runtime.AbstractPartialFunction$mcVL$sp.apply(AbstractPartialFunction.scala:25)
	at scala.actors.ReactorTask.run(ReactorTask.scala:31)
	at scala.actors.Reactor$class.resumeReceiver(Reactor.scala:129)
	at org.scalaide.worksheet.runtime.WorksheetRunner.scala$actors$InternalReplyReactor$$super$resumeReceiver(WorksheetRunner.scala:33)
	at scala.actors.InternalReplyReactor$class.resumeReceiver(InternalReplyReactor.scala:59)
	at org.scalaide.worksheet.runtime.WorksheetRunner.resumeReceiver(WorksheetRunner.scala:33)
	at scala.actors.InternalActor$class.searchMailbox(InternalActor.scala:76)
	at org.scalaide.worksheet.runtime.WorksheetRunner.searchMailbox(WorksheetRunner.scala:33)
	at scala.actors.Reactor$$anonfun$startSearch$1$$anonfun$apply$mcV$sp$1.apply$mcV$sp(Reactor.scala:117)
	at scala.actors.Reactor$$anonfun$startSearch$1$$anonfun$apply$mcV$sp$1.apply(Reactor.scala:114)
	at scala.actors.Reactor$$anonfun$startSearch$1$$anonfun$apply$mcV$sp$1.apply(Reactor.scala:114)
	at scala.actors.ReactorTask.run(ReactorTask.scala:33)
	at scala.actors.ReactorTask.compute(ReactorTask.scala:63)
	at scala.concurrent.forkjoin.RecursiveAction.exec(RecursiveAction.java:160)
	at scala.concurrent.forkjoin.ForkJoinTask.doExec(ForkJoinTask.java:260)
	at scala.concurrent.forkjoin.ForkJoinPool$WorkQueue.runTask(ForkJoinPool.java:1339)
	at scala.concurrent.forkjoin.ForkJoinPool.runWorker(ForkJoinPool.java:1979)
	at scala.concurrent.forkjoin.ForkJoinWorkerThread.run(ForkJoinWorkerThread.java:107)
Caused by: java.lang.ArrayIndexOutOfBoundsException
	at scala.Array$.copy(Array.scala:105)
	at scala.tools.nsc.interactive.ScratchPadMaker2$Patcher$$anonfun$result$2.apply(ScratchPadMaker2.scala:148)
	at scala.tools.nsc.interactive.ScratchPadMaker2$Patcher$$anonfun$result$2.apply(ScratchPadMaker2.scala:145)
	at scala.collection.TraversableLike$WithFilter$$anonfun$foreach$1.apply(TraversableLike.scala:772)
	at scala.collection.mutable.ResizableArray$class.foreach(ResizableArray.scala:59)
	at scala.collection.mutable.ArrayBuffer.foreach(ArrayBuffer.scala:47)
	at scala.collection.TraversableLike$WithFilter.foreach(TraversableLike.scala:771)
	at scala.tools.nsc.interactive.ScratchPadMaker2$Patcher.result(ScratchPadMaker2.scala:145)
	at scala.tools.nsc.interactive.ProgramInstrumenter$Instrumenter$.scala$tools$nsc$interactive$ProgramInstrumenter$Instrumenter$$instrumentation(ProgramInstrumenter.scala:35)
	at scala.tools.nsc.interactive.ProgramInstrumenter$Instrumenter$$anonfun$askInstrumentation$1.apply(ProgramInstrumenter.scala:15)
	at scala.tools.nsc.interactive.ProgramInstrumenter$Instrumenter$$anonfun$askInstrumentation$1.apply(ProgramInstrumenter.scala:15)
	at scala.tools.nsc.interactive.Global$$anonfun$respond$1.apply(Global.scala:616)
	at scala.tools.nsc.interactive.Global$$anonfun$respond$1.apply(Global.scala:616)
	at scala.tools.nsc.interactive.Global.respondGradually(Global.scala:623)
	at scala.tools.nsc.interactive.Global.respond(Global.scala:616)
	at scala.tools.nsc.interactive.ProgramInstrumenter$Instrumenter$.askInstrumentation(ProgramInstrumenter.scala:14)
	at scala.tools.nsc.interactive.ProgramInstrumenter$$anonfun$askInstrumented$1.apply$mcV$sp(ProgramInstrumenter.scala:51)
	at scala.tools.nsc.interactive.ProgramInstrumenter$$anonfun$askInstrumented$1.apply(ProgramInstrumenter.scala:51)
	at scala.tools.nsc.interactive.ProgramInstrumenter$$anonfun$askInstrumented$1.apply(ProgramInstrumenter.scala:51)
	at scala.tools.nsc.util.InterruptReq.execute(InterruptReq.scala:26)
	at scala.tools.nsc.interactive.Global.pollForWork(Global.scala:339)
	at scala.tools.nsc.interactive.Global.checkForMoreWork(Global.scala:400)
	at scala.tools.nsc.interactive.Global.signalDone(Global.scala:253)
	at scala.tools.nsc.typechecker.Typers$Typer.typed(Typers.scala:5631)
	at scala.tools.nsc.typechecker.Typers$Typer.typedType(Typers.scala:5731)
	at scala.tools.nsc.typechecker.Typers$Typer.typedType(Typers.scala:5734)
	at scala.tools.nsc.typechecker.Typers$Typer.typedDefDef(Typers.scala:2238)
	at scala.tools.nsc.typechecker.Typers$Typer.typed1(Typers.scala:5531)
	at scala.tools.nsc.typechecker.Typers$Typer.typed(Typers.scala:5604)
	at scala.tools.nsc.typechecker.Typers$Typer.scala$tools$nsc$typechecker$Typers$Typer$$typedStat$1(Typers.scala:2926)
	at scala.tools.nsc.typechecker.Typers$Typer$$anonfun$60.apply(Typers.scala:3030)
	at scala.tools.nsc.typechecker.Typers$Typer$$anonfun$60.apply(Typers.scala:3030)
	at scala.collection.immutable.List.loop$1(List.scala:170)
	at scala.collection.immutable.List.mapConserve(List.scala:186)
	at scala.tools.nsc.typechecker.Typers$Typer.typedStats(Typers.scala:3030)
	at scala.tools.nsc.typechecker.Typers$Typer.typedTemplate(Typers.scala:1919)
	at scala.tools.nsc.typechecker.Typers$Typer.typedModuleDef(Typers.scala:1800)
	at scala.tools.nsc.typechecker.Typers$Typer.typed1(Typers.scala:5546)
	at scala.tools.nsc.typechecker.Typers$Typer.typed(Typers.scala:5604)
	at scala.tools.nsc.typechecker.Typers$Typer.scala$tools$nsc$typechecker$Typers$Typer$$typedStat$1(Typers.scala:2926)
	at scala.tools.nsc.typechecker.Typers$Typer$$anonfun$60.apply(Typers.scala:3030)
	at scala.tools.nsc.typechecker.Typers$Typer$$anonfun$60.apply(Typers.scala:3030)
	at scala.collection.immutable.List.loop$1(List.scala:170)
	at scala.collection.immutable.List.mapConserve(List.scala:186)
	at scala.tools.nsc.typechecker.Typers$Typer.typedStats(Typers.scala:3030)
	at scala.tools.nsc.typechecker.Typers$Typer.typedPackageDef$1(Typers.scala:5263)
	at scala.tools.nsc.typechecker.Typers$Typer.typed1(Typers.scala:5549)
	at scala.tools.nsc.typechecker.Typers$Typer.typed(Typers.scala:5604)
	at scala.tools.nsc.typechecker.Typers$Typer.typed(Typers.scala:5666)
	at scala.tools.nsc.typechecker.Analyzer$typerFactory$$anon$3.apply(Analyzer.scala:99)
	at scala.tools.nsc.Global$GlobalPhase.applyPhase(Global.scala:464)
	at scala.tools.nsc.interactive.Global$TyperRun$$anonfun$applyPhase$1.apply(Global.scala:1153)
	at scala.tools.nsc.interactive.Global$TyperRun$$anonfun$applyPhase$1.apply(Global.scala:1153)
	at scala.reflect.internal.SymbolTable.atPhase(SymbolTable.scala:207)
	at scala.tools.nsc.interactive.Global$TyperRun.applyPhase(Global.scala:1153)
	at scala.tools.nsc.interactive.Global$TyperRun.typeCheck(Global.scala:1146)
	at scala.tools.nsc.interactive.Global.scala$tools$nsc$interactive$Global$$typeCheck(Global.scala:585)
	at scala.tools.nsc.interactive.Global$$anonfun$backgroundCompile$5$$anonfun$apply$7.apply(Global.scala:501)
	at scala.tools.nsc.interactive.Global$$anonfun$backgroundCompile$5.apply(Global.scala:497)
	at scala.tools.nsc.interactive.Global$$anonfun$backgroundCompile$5.apply(Global.scala:497)
	at scala.collection.TraversableLike$WithFilter$$anonfun$foreach$1.apply(TraversableLike.scala:772)
	at scala.collection.immutable.List.foreach(List.scala:318)
	at scala.collection.TraversableLike$WithFilter.foreach(TraversableLike.scala:771)
	at scala.tools.nsc.interactive.Global.backgroundCompile(Global.scala:497)
	at scala.tools.nsc.interactive.PresentationCompilerThread.run(PresentationCompilerThread.scala:25)
2013-09-20 15:46:17,096  WARN [main] - org.scala-ide.sdt.core - org.scala-ide.sdt.core - org.scala-ide.sdt.core - 0 - ProgramExecutor actor <C:\Users\Denis\scala assignments\recfun\src\main\scala\recfun\scratch.sc> self-healing...
java.lang.NullPointerException
	at org.scalaide.worksheet.editor.ScriptEditor$DefaultEditorProxy.org$scalaide$worksheet$editor$ScriptEditor$DefaultEditorProxy$$doc(ScriptEditor.scala:71)
	at org.scalaide.worksheet.editor.ScriptEditor$DefaultEditorProxy.getContents(ScriptEditor.scala:73)
	at org.scalaide.worksheet.runtime.IncrementalDocumentMixer.<init>(IncrementalDocumentMixer.scala:30)
	at org.scalaide.worksheet.runtime.IncrementalDocumentMixer$.apply(IncrementalDocumentMixer.scala:16)
	at org.scalaide.worksheet.runtime.ProgramExecutor$$anonfun$act$1$$anonfun$apply$1.applyOrElse(ProgramExecutor.scala:167)
	at scala.runtime.AbstractPartialFunction$mcVL$sp.apply$mcVL$sp(AbstractPartialFunction.scala:33)
	at scala.runtime.AbstractPartialFunction$mcVL$sp.apply(AbstractPartialFunction.scala:33)
	at scala.runtime.AbstractPartialFunction$mcVL$sp.apply(AbstractPartialFunction.scala:25)
	at scala.actors.ReactorTask.run(ReactorTask.scala:31)
	at scala.actors.Reactor$class.resumeReceiver(Reactor.scala:129)
	at org.scalaide.worksheet.runtime.ProgramExecutor.scala$actors$InternalReplyReactor$$super$resumeReceiver(ProgramExecutor.scala:100)
	at scala.actors.InternalReplyReactor$class.resumeReceiver(InternalReplyReactor.scala:59)
	at org.scalaide.worksheet.runtime.ProgramExecutor.resumeReceiver(ProgramExecutor.scala:100)
	at scala.actors.InternalActor$class.searchMailbox(InternalActor.scala:76)
	at org.scalaide.worksheet.runtime.ProgramExecutor.searchMailbox(ProgramExecutor.scala:100)
	at scala.actors.Reactor$$anonfun$startSearch$1$$anonfun$apply$mcV$sp$1.apply$mcV$sp(Reactor.scala:117)
	at scala.actors.Reactor$$anonfun$startSearch$1$$anonfun$apply$mcV$sp$1.apply(Reactor.scala:114)
	at scala.actors.Reactor$$anonfun$startSearch$1$$anonfun$apply$mcV$sp$1.apply(Reactor.scala:114)
	at scala.actors.ReactorTask.run(ReactorTask.scala:33)
	at scala.actors.ReactorTask.compute(ReactorTask.scala:63)
	at scala.concurrent.forkjoin.RecursiveAction.exec(RecursiveAction.java:160)
	at scala.concurrent.forkjoin.ForkJoinTask.doExec(ForkJoinTask.java:260)
	at scala.concurrent.forkjoin.ForkJoinPool$WorkQueue.runTask(ForkJoinPool.java:1339)
	at scala.concurrent.forkjoin.ForkJoinPool.runWorker(ForkJoinPool.java:1979)
	at scala.concurrent.forkjoin.ForkJoinWorkerThread.run(ForkJoinWorkerThread.java:107)
2013-09-22 21:34:33,503  WARN [main] - org.scala-ide.sdt.core - org.scala-ide.sdt.core - org.scala-ide.sdt.core - 0 - ProgramExecutor actor <C:\Users\Denis\scala assignments\recfun\src\main\scala\recfun\scratch.sc> self-healing...
java.lang.NullPointerException
	at org.scalaide.worksheet.editor.ScriptEditor$DefaultEditorProxy.org$scalaide$worksheet$editor$ScriptEditor$DefaultEditorProxy$$doc(ScriptEditor.scala:71)
	at org.scalaide.worksheet.editor.ScriptEditor$DefaultEditorProxy.getContents(ScriptEditor.scala:73)
	at org.scalaide.worksheet.runtime.IncrementalDocumentMixer.<init>(IncrementalDocumentMixer.scala:30)
	at org.scalaide.worksheet.runtime.IncrementalDocumentMixer$.apply(IncrementalDocumentMixer.scala:16)
	at org.scalaide.worksheet.runtime.ProgramExecutor$$anonfun$act$1$$anonfun$apply$1.applyOrElse(ProgramExecutor.scala:167)
	at scala.runtime.AbstractPartialFunction$mcVL$sp.apply$mcVL$sp(AbstractPartialFunction.scala:33)
	at scala.runtime.AbstractPartialFunction$mcVL$sp.apply(AbstractPartialFunction.scala:33)
	at scala.runtime.AbstractPartialFunction$mcVL$sp.apply(AbstractPartialFunction.scala:25)
	at scala.actors.ReactorTask.run(ReactorTask.scala:31)
	at scala.actors.Reactor$class.resumeReceiver(Reactor.scala:129)
	at org.scalaide.worksheet.runtime.ProgramExecutor.scala$actors$InternalReplyReactor$$super$resumeReceiver(ProgramExecutor.scala:100)
	at scala.actors.InternalReplyReactor$class.resumeReceiver(InternalReplyReactor.scala:59)
	at org.scalaide.worksheet.runtime.ProgramExecutor.resumeReceiver(ProgramExecutor.scala:100)
	at scala.actors.InternalActor$class.searchMailbox(InternalActor.scala:76)
	at org.scalaide.worksheet.runtime.ProgramExecutor.searchMailbox(ProgramExecutor.scala:100)
	at scala.actors.Reactor$$anonfun$startSearch$1$$anonfun$apply$mcV$sp$1.apply$mcV$sp(Reactor.scala:117)
	at scala.actors.Reactor$$anonfun$startSearch$1$$anonfun$apply$mcV$sp$1.apply(Reactor.scala:114)
	at scala.actors.Reactor$$anonfun$startSearch$1$$anonfun$apply$mcV$sp$1.apply(Reactor.scala:114)
	at scala.actors.ReactorTask.run(ReactorTask.scala:33)
	at scala.actors.ReactorTask.compute(ReactorTask.scala:63)
	at scala.concurrent.forkjoin.RecursiveAction.exec(RecursiveAction.java:160)
	at scala.concurrent.forkjoin.ForkJoinTask.doExec(ForkJoinTask.java:260)
	at scala.concurrent.forkjoin.ForkJoinPool$WorkQueue.runTask(ForkJoinPool.java:1339)
	at scala.concurrent.forkjoin.ForkJoinPool.runWorker(ForkJoinPool.java:1979)
	at scala.concurrent.forkjoin.ForkJoinWorkerThread.run(ForkJoinWorkerThread.java:107)
